<?xml version="1.0" encoding="UTF-8"?>
<testng-results ignored="0" total="7" passed="7" failed="0" skipped="0">
  <reporter-output>
    <line>
      <![CDATA[TestTestRunner STARTED]]>
    </line>
    <line>
      <![CDATA[runReportsSTARTED]]>
    </line>
    <line>
      <![CDATA[runReportsPASSED]]>
    </line>
    <line>
      <![CDATA[Login page is Displayed,PASSED]]>
    </line>
    <line>
      <![CDATA[loginToAppSTARTED]]>
    </line>
    <line>
      <![CDATA[Zoho CRM - Home Page is Displayed,PASSED]]>
    </line>
    <line>
      <![CDATA[loginToAppPASSED]]>
    </line>
    <line>
      <![CDATA[runSTARTED]]>
    </line>
    <line>
      <![CDATA[Tests Running Successfully]]>
    </line>
    <line>
      <![CDATA[runPASSED]]>
    </line>
    <line>
      <![CDATA[gunSTARTED]]>
    </line>
    <line>
      <![CDATA[Create Project Tests Running Successfully]]>
    </line>
    <line>
      <![CDATA[gunPASSED]]>
    </line>
    <line>
      <![CDATA[Login page is Displayed,PASSED]]>
    </line>
    <line>
      <![CDATA[createCampaignSTARTED]]>
    </line>
    <line>
      <![CDATA[Zoho CRM - Home Page is Displayed,PASSED]]>
    </line>
    <line>
      <![CDATA[campaign Page is Displayed,PASSED]]>
    </line>
    <line>
      <![CDATA[new campaign page is Displayed,PASSED]]>
    </line>
    <line>
      <![CDATA[campaign details page is Displayed,PASSED]]>
    </line>
    <line>
      <![CDATA[createCampaignPASSED]]>
    </line>
    <line>
      <![CDATA[Login page is Displayed,PASSED]]>
    </line>
    <line>
      <![CDATA[campaignScreenshotSTARTED]]>
    </line>
    <line>
      <![CDATA[Zoho CRM - Home Page is Displayed,PASSED]]>
    </line>
    <line>
      <![CDATA[campaign Page is Displayed,PASSED]]>
    </line>
    <line>
      <![CDATA[campaignScreenshotPASSED]]>
    </line>
    <line>
      <![CDATA[Login page is Displayed,PASSED]]>
    </line>
    <line>
      <![CDATA[searchElementSTARTED]]>
    </line>
    <line>
      <![CDATA[Zoho CRM - Home Page is Displayed,PASSED]]>
    </line>
    <line>
      <![CDATA[searchElementPASSED]]>
    </line>
  </reporter-output>
  <suite started-at="2021-06-05T13:54:08 IST" name="Suite" finished-at="2021-06-05T14:00:09 IST" duration-ms="360904">
    <groups>
    </groups>
    <test started-at="2021-06-05T13:54:08 IST" name="Test" finished-at="2021-06-05T14:00:09 IST" duration-ms="360904">
      <class name="com.An_Tmobileapp.genericLib.CustumReports">
        <test-method signature="runReports()[pri:0, instance:com.An_Tmobileapp.genericLib.CustumReports@57cf54e1]" started-at="2021-06-05T13:54:08 IST" name="runReports" finished-at="2021-06-05T13:54:12 IST" duration-ms="4226" status="PASS">
          <reporter-output>
            <line>
              <![CDATA[runReportsSTARTED]]>
            </line>
            <line>
              <![CDATA[runReportsPASSED]]>
            </line>
          </reporter-output>
        </test-method> <!-- runReports -->
      </class> <!-- com.An_Tmobileapp.genericLib.CustumReports -->
      <class name="com.TMobile.customer.CreateProjectTest">
        <test-method signature="gun()[pri:0, instance:com.TMobile.customer.CreateProjectTest@3f6f6701]" started-at="2021-06-05T13:55:20 IST" name="gun" finished-at="2021-06-05T13:55:20 IST" duration-ms="13" status="PASS">
          <reporter-output>
            <line>
              <![CDATA[gunSTARTED]]>
            </line>
            <line>
              <![CDATA[Create Project Tests Running Successfully]]>
            </line>
            <line>
              <![CDATA[gunPASSED]]>
            </line>
          </reporter-output>
        </test-method> <!-- gun -->
      </class> <!-- com.TMobile.customer.CreateProjectTest -->
      <class name="com.An_Tmobileapp.ValidLoginTest">
        <test-method is-config="true" signature="openBrowser()[pri:0, instance:com.An_Tmobileapp.ValidLoginTest@2d52216b]" started-at="2021-06-05T13:54:12 IST" name="openBrowser" finished-at="2021-06-05T13:54:46 IST" duration-ms="33252" status="PASS">
          <reporter-output>
            <line>
              <![CDATA[Login page is Displayed,PASSED]]>
            </line>
          </reporter-output>
        </test-method> <!-- openBrowser -->
        <test-method signature="loginToApp()[pri:0, instance:com.An_Tmobileapp.ValidLoginTest@2d52216b]" started-at="2021-06-05T13:54:46 IST" name="loginToApp" finished-at="2021-06-05T13:55:20 IST" duration-ms="34821" status="PASS">
          <reporter-output>
            <line>
              <![CDATA[loginToAppSTARTED]]>
            </line>
            <line>
              <![CDATA[Zoho CRM - Home Page is Displayed,PASSED]]>
            </line>
            <line>
              <![CDATA[loginToAppPASSED]]>
            </line>
          </reporter-output>
        </test-method> <!-- loginToApp -->
      </class> <!-- com.An_Tmobileapp.ValidLoginTest -->
      <class name="com.TMobile.customer.CreateCustomerTest">
        <test-method signature="run()[pri:0, instance:com.TMobile.customer.CreateCustomerTest@242b836]" started-at="2021-06-05T13:55:20 IST" name="run" finished-at="2021-06-05T13:55:20 IST" duration-ms="2" status="PASS">
          <reporter-output>
            <line>
              <![CDATA[runSTARTED]]>
            </line>
            <line>
              <![CDATA[Tests Running Successfully]]>
            </line>
            <line>
              <![CDATA[runPASSED]]>
            </line>
          </reporter-output>
        </test-method> <!-- run -->
      </class> <!-- com.TMobile.customer.CreateCustomerTest -->
      <class name="com.An_Tmobileapp.Actionstream.CreateCampaignTest">
        <test-method is-config="true" signature="openBrowser()[pri:0, instance:com.An_Tmobileapp.Actionstream.CreateCampaignTest@3527942a]" started-at="2021-06-05T13:55:20 IST" name="openBrowser" finished-at="2021-06-05T13:55:33 IST" duration-ms="12574" status="PASS">
          <reporter-output>
            <line>
              <![CDATA[Login page is Displayed,PASSED]]>
            </line>
          </reporter-output>
        </test-method> <!-- openBrowser -->
        <test-method signature="createCampaign()[pri:0, instance:com.An_Tmobileapp.Actionstream.CreateCampaignTest@3527942a]" started-at="2021-06-05T13:55:33 IST" name="createCampaign" finished-at="2021-06-05T13:57:24 IST" duration-ms="110836" status="PASS">
          <reporter-output>
            <line>
              <![CDATA[createCampaignSTARTED]]>
            </line>
            <line>
              <![CDATA[Zoho CRM - Home Page is Displayed,PASSED]]>
            </line>
            <line>
              <![CDATA[campaign Page is Displayed,PASSED]]>
            </line>
            <line>
              <![CDATA[new campaign page is Displayed,PASSED]]>
            </line>
            <line>
              <![CDATA[campaign details page is Displayed,PASSED]]>
            </line>
            <line>
              <![CDATA[createCampaignPASSED]]>
            </line>
          </reporter-output>
        </test-method> <!-- createCampaign -->
      </class> <!-- com.An_Tmobileapp.Actionstream.CreateCampaignTest -->
      <class name="com.An_Tmobileapp.Actionstream.CampaignTextScreenshot">
        <test-method is-config="true" signature="openBrowser()[pri:0, instance:com.An_Tmobileapp.Actionstream.CampaignTextScreenshot@942a29c]" started-at="2021-06-05T13:57:24 IST" name="openBrowser" finished-at="2021-06-05T13:57:46 IST" duration-ms="22380" status="PASS">
          <reporter-output>
            <line>
              <![CDATA[Login page is Displayed,PASSED]]>
            </line>
          </reporter-output>
        </test-method> <!-- openBrowser -->
        <test-method signature="campaignScreenshot()[pri:0, instance:com.An_Tmobileapp.Actionstream.CampaignTextScreenshot@942a29c]" started-at="2021-06-05T13:57:46 IST" name="campaignScreenshot" finished-at="2021-06-05T13:58:22 IST" duration-ms="35618" status="PASS">
          <reporter-output>
            <line>
              <![CDATA[campaignScreenshotSTARTED]]>
            </line>
            <line>
              <![CDATA[Zoho CRM - Home Page is Displayed,PASSED]]>
            </line>
            <line>
              <![CDATA[campaign Page is Displayed,PASSED]]>
            </line>
            <line>
              <![CDATA[campaignScreenshotPASSED]]>
            </line>
          </reporter-output>
        </test-method> <!-- campaignScreenshot -->
      </class> <!-- com.An_Tmobileapp.Actionstream.CampaignTextScreenshot -->
      <class name="com.An_Tmobileapp.Actionstream.SearchElementTest">
        <test-method is-config="true" signature="openBrowser()[pri:0, instance:com.An_Tmobileapp.Actionstream.SearchElementTest@1ed6388a]" started-at="2021-06-05T13:58:22 IST" name="openBrowser" finished-at="2021-06-05T13:59:07 IST" duration-ms="45560" status="PASS">
          <reporter-output>
            <line>
              <![CDATA[Login page is Displayed,PASSED]]>
            </line>
          </reporter-output>
        </test-method> <!-- openBrowser -->
        <test-method signature="searchElement()[pri:0, instance:com.An_Tmobileapp.Actionstream.SearchElementTest@1ed6388a]" started-at="2021-06-05T13:59:07 IST" name="searchElement" finished-at="2021-06-05T14:00:09 IST" duration-ms="61289" status="PASS">
          <reporter-output>
            <line>
              <![CDATA[searchElementSTARTED]]>
            </line>
            <line>
              <![CDATA[Zoho CRM - Home Page is Displayed,PASSED]]>
            </line>
            <line>
              <![CDATA[searchElementPASSED]]>
            </line>
          </reporter-output>
        </test-method> <!-- searchElement -->
      </class> <!-- com.An_Tmobileapp.Actionstream.SearchElementTest -->
    </test> <!-- Test -->
  </suite> <!-- Suite -->
</testng-results>
