<?xml version="1.0" encoding="UTF-8"?>
<!-- Generated by org.testng.reporters.JUnitXMLReporter -->
<testsuite ignored="0" hostname="Sravanthi" failures="0" tests="7" name="Test" time="360.904" errors="0" timestamp="2021-06-05T14:00:15 IST">
  <testcase classname="com.An_Tmobileapp.genericLib.CustumReports" name="runReports" time="4.226"/>
  <testcase classname="com.An_Tmobileapp.ValidLoginTest" name="loginToApp" time="34.821"/>
  <testcase classname="com.TMobile.customer.CreateCustomerTest" name="run" time="0.002"/>
  <testcase classname="com.TMobile.customer.CreateProjectTest" name="gun" time="0.013"/>
  <testcase classname="com.An_Tmobileapp.Actionstream.CreateCampaignTest" name="createCampaign" time="110.836"/>
  <testcase classname="com.An_Tmobileapp.Actionstream.CampaignTextScreenshot" name="campaignScreenshot" time="35.618"/>
  <testcase classname="com.An_Tmobileapp.Actionstream.SearchElementTest" name="searchElement" time="61.289"/>
</testsuite> <!-- Test -->
